<?xml version="1.0" encoding="UTF-8"?>
<testng-results ignored="0" total="1" passed="1" failed="0" skipped="0">
  <reporter-output>
    <line>
      <![CDATA[abcd]]>
    </line>
  </reporter-output>
  <suite started-at="2022-10-05T12:37:46 IST" name="Default suite" finished-at="2022-10-05T12:37:46 IST" duration-ms="51">
    <groups>
    </groups>
    <test started-at="2022-10-05T12:37:46 IST" name="Default test" finished-at="2022-10-05T12:37:46 IST" duration-ms="51">
      <class name="frm.prg81">
        <test-method signature="testa()[pri:0, instance:frm.prg81@2892dae4]" started-at="2022-10-05T12:37:46 IST" name="testa" finished-at="2022-10-05T12:37:46 IST" duration-ms="13" status="PASS">
          <reporter-output>
            <line>
              <![CDATA[abcd]]>
            </line>
          </reporter-output>
        </test-method> <!-- testa -->
      </class> <!-- frm.prg81 -->
    </test> <!-- Default test -->
  </suite> <!-- Default suite -->
</testng-results>
